<?xml version="1.0" encoding="UTF-8"?>
<testsuite xmlns:xsi="http://www.w3.org/2001/XMLSchema-instance" xsi:noNamespaceSchemaLocation="https://maven.apache.org/surefire/maven-surefire-plugin/xsd/surefire-test-report.xsd" version="3.0.2" name="MyCircularListTest" time="0.027" tests="23" errors="0" skipped="0" failures="0">
  <properties>
[...]
</properties>
  <testcase name="isEmptyRecienCreada" classname="MyCircularListTest" time="0.007"/>
  <testcase name="delListaVacia" classname="MyCircularListTest" time="0.0"/>
  <testcase name="getExistente" classname="MyCircularListTest" time="0.003"/>
  <testcase name="ordenadaAddMantieneOrden" classname="MyCircularListTest" time="0.006"/>
  <testcase name="delUltimo" classname="MyCircularListTest" time="0.0"/>
  <testcase name="ordenadaAddAlInicio" classname="MyCircularListTest" time="0.002"/>
  <testcase name="getNoExistente" classname="MyCircularListTest" time="0.0"/>
  <testcase name="addInicio" classname="MyCircularListTest" time="0.0"/>
  <testcase name="ordenadaGetSize" classname="MyCircularListTest" time="0.0"/>
  <testcase name="getSize" classname="MyCircularListTest" time="0.0"/>
  <testcase name="delNoExistente" classname="MyCircularListTest" time="0.0"/>
  <testcase name="clear" classname="MyCircularListTest" time="0.002"/>
  <testcase name="delPrimero" classname="MyCircularListTest" time="0.0"/>
  <testcase name="ordenadaAddRepetidos" classname="MyCircularListTest" time="0.001"/>
  <testcase name="getListaVacia" classname="MyCircularListTest" time="0.0"/>
  <testcase name="delMedio" classname="MyCircularListTest" time="0.001"/>
  <testcase name="delUnicoElemento" classname="MyCircularListTest" time="0.0"/>
  <testcase name="iteradorListaVacia" classname="MyCircularListTest" time="0.0"/>
  <testcase name="addAlFinal" classname="MyCircularListTest" time="0.001"/>
  <testcase name="ordenadaAddAlFinal" classname="MyCircularListTest" time="0.0"/>
  <testcase name="iterador" classname="MyCircularListTest" time="0.0"/>
  <testcase name="ordenadaUnElemento" classname="MyCircularListTest" time="0.001"/>
  <testcase name="integridadCircular" classname="MyCircularListTest" time="0.0"/>
</testsuite>